<?xml version="1.0" encoding="UTF-8"?>
<!-- Generated by org.testng.reporters.JUnitXMLReporter -->
<testsuite ignored="0" hostname="Arbaazs-Air.fritz.box" failures="0" tests="3" name="Test" time="16.67" errors="0" timestamp="2023-03-18T16:20:42 CET">
  <testcase classname="pageclass.LoginTest" name="faillogintest" time="1.183"/>
  <testcase classname="pageclass.LoginTest" name="logintest" time="1.208"/>
  <testcase classname="pageclass.AccountTest" name="success" time="1.463"/>
</testsuite> <!-- Test -->
