<?xml version="1.0" encoding="UTF-8"?>
<!-- Generated by org.testng.reporters.JUnitXMLReporter -->
<testsuite ignored="0" hostname="Arbaazs-Air.fritz.box" failures="1" tests="1" name="Test" time="8.508" errors="0" timestamp="2023-03-20T11:37:11 CET">
  <testcase classname="pageclass.LoginTest" name="@AfterTest closure" time="0.001">
    <failure type="java.lang.NullPointerException">
      <![CDATA[java.lang.NullPointerException
at pageclass.LoginTest.closure(LoginTest.java:90)
... Removed 24 stack frames]]>
    </failure>
  </testcase> <!-- @AfterTest closure -->
  <testcase classname="pageclass.LoginTest" name="logintest" time="7.822">
    <failure type="java.lang.NullPointerException">
      <![CDATA[java.lang.NullPointerException
at pageclass.LoginTest.logintest(LoginTest.java:67)
at java.base/java.util.ArrayList.forEach(ArrayList.java:1541)
... Removed 27 stack frames]]>
    </failure>
  </testcase> <!-- logintest -->
</testsuite> <!-- Test -->
